<?xml version="1.0" encoding="UTF-8"?>
<!-- Generated by org.testng.reporters.JUnitReportReporter -->
<testsuite hostname="ThanhTriTRAN" name="testcases.Test.Module3" tests="14" failures="0" timestamp="20 Apr 2017 08:31:58 GMT" time="104.843" errors="0">
  <testcase name="TC038" time="6.249" classname="testcases.Test.Module3"/>
  <testcase name="TC031" time="26.531" classname="testcases.Test.Module3"/>
  <testcase name="TC039" time="6.247" classname="testcases.Test.Module3"/>
  <testcase name="TC041" time="6.258" classname="testcases.Test.Module3"/>
  <testcase name="TC033" time="6.428" classname="testcases.Test.Module3"/>
  <testcase name="TC032" time="3.177" classname="testcases.Test.Module3"/>
  <testcase name="TC035" time="6.243" classname="testcases.Test.Module3"/>
  <testcase name="TC036" time="6.236" classname="testcases.Test.Module3"/>
  <testcase name="TC043" time="6.121" classname="testcases.Test.Module3"/>
  <testcase name="TC044" time="6.129" classname="testcases.Test.Module3"/>
  <testcase name="TC042" time="6.278" classname="testcases.Test.Module3"/>
  <testcase name="TC034" time="6.435" classname="testcases.Test.Module3"/>
  <testcase name="TC037" time="6.258" classname="testcases.Test.Module3"/>
  <testcase name="TC040" time="6.253" classname="testcases.Test.Module3"/>
</testsuite> <!-- testcases.Test.Module3 -->
