<?xml version="1.0" encoding="UTF-8"?>
<!-- Generated by org.testng.reporters.JUnitReportReporter -->
<testsuite hostname="ThanhTriTRAN" name="testcases.Test.Test_GroupAnnotations" tests="8" failures="0" timestamp="26 Apr 2017 10:16:41 GMT" time="0.030" errors="0">
  <testcase name="Car1" time="0.011" classname="testcases.Test.Test_GroupAnnotations"/>
  <testcase name="Scooter1" time="0.002" classname="testcases.Test.Test_GroupAnnotations"/>
  <testcase name="Scooter2" time="0.006" classname="testcases.Test.Test_GroupAnnotations"/>
  <testcase name="Sedan1" time="0.001" classname="testcases.Test.Test_GroupAnnotations"/>
  <testcase name="Car1" time="0.003" classname="testcases.Test.Test_GroupAnnotations"/>
  <testcase name="Car2" time="0.002" classname="testcases.Test.Test_GroupAnnotations"/>
  <testcase name="Car2" time="0.002" classname="testcases.Test.Test_GroupAnnotations"/>
  <testcase name="Sedan1" time="0.003" classname="testcases.Test.Test_GroupAnnotations"/>
</testsuite> <!-- testcases.Test.Test_GroupAnnotations -->
