<?xml version="1.0" encoding="UTF-8"?>
<!-- Generated by org.testng.reporters.JUnitReportReporter -->
<testsuite hostname="ThanhTriTRAN" name="testcases.Test.Test_Annotations" tests="2" failures="0" timestamp="26 Apr 2017 10:04:56 GMT" time="0.016" errors="0">
  <testcase name="testCase1" time="0.011" classname="testcases.Test.Test_Annotations"/>
  <testcase name="testCase2" time="0.005" classname="testcases.Test.Test_Annotations"/>
</testsuite> <!-- testcases.Test.Test_Annotations -->
