<?xml version="1.0" encoding="UTF-8"?>
<!-- Generated by org.testng.reporters.JUnitReportReporter -->
<testsuite skipped="0" hostname="ThanhTriTRAN" name="testcases.Test.Test_Annotations" tests="2" failures="0" timestamp="07 Jun 2017 04:22:35 GMT" time="0.012" errors="0">
  <testcase name="testCase1" time="0.006" classname="testcases.Test.Test_Annotations"/>
  <testcase name="testCase2" time="0.006" classname="testcases.Test.Test_Annotations"/>
</testsuite> <!-- testcases.Test.Test_Annotations -->
