<?xml version="1.0" encoding="UTF-8"?>
<!-- Generated by org.testng.reporters.JUnitReportReporter -->
<testsuite skipped="0" hostname="ThanhTriTRAN" name="testcases.Test.Test_Listener" tests="1" failures="0" timestamp="09 Jun 2017 06:34:06 GMT" time="0.008" errors="0">
  <testcase name="main" time="0.008" classname="testcases.Test.Test_Listener"/>
</testsuite> <!-- testcases.Test.Test_Listener -->
