<?xml version="1.0" encoding="UTF-8"?>
<!-- Generated by org.testng.reporters.JUnitReportReporter -->
<testsuite hostname="ThanhTriTRAN" name="testcases.Test.Test_Listener" tests="1" failures="0" timestamp="28 Apr 2017 03:56:00 GMT" time="0.008" errors="0">
  <testcase name="main" time="0.008" classname="testcases.Test.Test_Listener"/>
</testsuite> <!-- testcases.Test.Test_Listener -->
