<?xml version="1.0" encoding="UTF-8"?>
<!-- Generated by org.testng.reporters.JUnitReportReporter -->
<testsuite hostname="ThanhTriTRAN" name="testcases.Test.TC3" tests="1" failures="0" timestamp="20 Apr 2017 08:19:51 GMT" time="21.227" errors="0">
  <testcase name="TC015" time="21.227" classname="testcases.Test.TC3"/>
</testsuite> <!-- testcases.Test.TC3 -->
