<?xml version="1.0" encoding="UTF-8"?>
<!-- Generated by org.testng.reporters.JUnitReportReporter -->
<testsuite hostname="ThanhTriTRAN" name="testcases.Test.Module1" tests="14" failures="0" timestamp="20 Apr 2017 08:31:58 GMT" time="107.360" errors="0">
  <testcase name="TC010" time="6.296" classname="testcases.Test.Module1"/>
  <testcase name="TC003" time="6.122" classname="testcases.Test.Module1"/>
  <testcase name="TC006" time="6.283" classname="testcases.Test.Module1"/>
  <testcase name="TC002" time="3.229" classname="testcases.Test.Module1"/>
  <testcase name="TC004" time="6.126" classname="testcases.Test.Module1"/>
  <testcase name="TC008" time="6.251" classname="testcases.Test.Module1"/>
  <testcase name="TC011" time="6.247" classname="testcases.Test.Module1"/>
  <testcase name="TC009" time="6.316" classname="testcases.Test.Module1"/>
  <testcase name="TC007" time="6.262" classname="testcases.Test.Module1"/>
  <testcase name="TC014" time="6.317" classname="testcases.Test.Module1"/>
  <testcase name="TC012" time="6.342" classname="testcases.Test.Module1"/>
  <testcase name="TC005" time="6.344" classname="testcases.Test.Module1"/>
  <testcase name="TC013" time="6.376" classname="testcases.Test.Module1"/>
  <testcase name="TC001" time="28.849" classname="testcases.Test.Module1"/>
</testsuite> <!-- testcases.Test.Module1 -->
